24-02-2021 13:41:11.211 [background-preinit] INFO  o.h.validator.internal.util.Version.<clinit> - HV000001: Hibernate Validator 6.1.7.Final
24-02-2021 13:41:11.225 [restartedMain] INFO  b.c.z.propostas.PropostasApplication.logStarting - Starting PropostasApplication using Java 11.0.9.1 on ZUP-5532 with PID 49586 (/home/adamcoutinho/workspace-orangestack/orange-talents-01-template-proposta/target/classes started by adamcoutinho in /home/adamcoutinho/workspace-orangestack/orange-talents-01-template-proposta)
24-02-2021 13:41:11.226 [restartedMain] INFO  b.c.z.propostas.PropostasApplication.logStartupProfileInfo - No active profile set, falling back to default profiles: default
24-02-2021 13:41:11.267 [restartedMain] INFO  o.s.b.d.e.DevToolsPropertyDefaultsPostProcessor.logTo - Devtools property defaults active! Set 'spring.devtools.add-properties' to 'false' to disable
24-02-2021 13:41:11.267 [restartedMain] INFO  o.s.b.d.e.DevToolsPropertyDefaultsPostProcessor.logTo - For additional web related logging consider setting the 'logging.level.web' property to 'DEBUG'
24-02-2021 13:41:12.252 [restartedMain] INFO  o.s.d.r.c.RepositoryConfigurationDelegate.registerRepositoriesIn - Bootstrapping Spring Data JPA repositories in DEFAULT mode.
24-02-2021 13:41:12.333 [restartedMain] INFO  o.s.d.r.c.RepositoryConfigurationDelegate.registerRepositoriesIn - Finished Spring Data repository scanning in 75 ms. Found 8 JPA repository interfaces.
24-02-2021 13:41:12.641 [restartedMain] INFO  o.s.cloud.context.scope.GenericScope.setSerializationId - BeanFactory id=1d4db6e0-872c-37fa-865e-198915fc29a5
24-02-2021 13:41:13.379 [restartedMain] INFO  o.s.b.w.e.tomcat.TomcatWebServer.initialize - Tomcat initialized with port(s): 1111 (http)
24-02-2021 13:41:13.390 [restartedMain] INFO  o.a.coyote.http11.Http11NioProtocol.log - Initializing ProtocolHandler ["http-nio-1111"]
24-02-2021 13:41:13.391 [restartedMain] INFO  o.a.catalina.core.StandardService.log - Starting service [Tomcat]
24-02-2021 13:41:13.391 [restartedMain] INFO  o.a.catalina.core.StandardEngine.log - Starting Servlet engine: [Apache Tomcat/9.0.41]
24-02-2021 13:41:13.473 [restartedMain] INFO  o.a.c.c.C.[Tomcat].[localhost].[/].log - Initializing Spring embedded WebApplicationContext
24-02-2021 13:41:13.473 [restartedMain] INFO  o.s.b.w.s.c.ServletWebServerApplicationContext.prepareWebApplicationContext - Root WebApplicationContext: initialization completed in 2205 ms
24-02-2021 13:41:14.084 [restartedMain] INFO  i.o.c.s.w.s.ServerTracingAutoConfiguration.tracingFilter - Creating FilterRegistrationBean bean with TracingFilter mapped to [], skip pattern is "/api-docs.*|/swagger.*|.*\.png|.*\.css|.*\.js|.*\.html|/favicon.ico|/hystrix.stream|/actuator/(beans|beans/.*|caches|caches/.*|health|health/.*|info|info/.*|conditions|conditions/.*|configprops|configprops/.*|env|env/.*|logfile|logfile/.*|loggers|loggers/.*|heapdump|heapdump/.*|threaddump|threaddump/.*|prometheus|prometheus/.*|metrics|metrics/.*|scheduledtasks|scheduledtasks/.*|mappings|mappings/.*|refresh|refresh/.*|features|features/.*)"
24-02-2021 13:41:14.204 [restartedMain] INFO  o.h.jpa.internal.util.LogHelper.logPersistenceUnitInformation - HHH000204: Processing PersistenceUnitInfo [name: default]
24-02-2021 13:41:14.241 [restartedMain] INFO  org.hibernate.Version.logVersion - HHH000412: Hibernate ORM core version 5.4.27.Final
24-02-2021 13:41:14.371 [restartedMain] INFO  o.h.annotations.common.Version.<clinit> - HCANN000001: Hibernate Commons Annotations {5.1.2.Final}
24-02-2021 13:41:14.467 [restartedMain] INFO  com.zaxxer.hikari.HikariDataSource.getConnection - HikariPool-1 - Starting...
24-02-2021 13:41:14.553 [restartedMain] INFO  com.zaxxer.hikari.HikariDataSource.getConnection - HikariPool-1 - Start completed.
24-02-2021 13:41:14.585 [restartedMain] INFO  org.hibernate.dialect.Dialect.<init> - HHH000400: Using dialect: org.hibernate.dialect.PostgreSQL95Dialect
24-02-2021 13:41:15.441 [restartedMain] WARN  o.h.e.jdbc.spi.SqlExceptionHelper.logWarning - SQL Warning Code: 0, SQLState: 00000
24-02-2021 13:41:15.441 [restartedMain] WARN  o.h.e.jdbc.spi.SqlExceptionHelper.logWarning - relation "avisoviagem" does not exist, skipping
24-02-2021 13:41:15.442 [restartedMain] WARN  o.h.e.jdbc.spi.SqlExceptionHelper.logWarning - SQL Warning Code: 0, SQLState: 00000
24-02-2021 13:41:15.442 [restartedMain] WARN  o.h.e.jdbc.spi.SqlExceptionHelper.logWarning - relation "biometria" does not exist, skipping
24-02-2021 13:41:15.443 [restartedMain] WARN  o.h.e.jdbc.spi.SqlExceptionHelper.logWarning - SQL Warning Code: 0, SQLState: 00000
24-02-2021 13:41:15.443 [restartedMain] WARN  o.h.e.jdbc.spi.SqlExceptionHelper.logWarning - relation "bloqueio_cartao" does not exist, skipping
24-02-2021 13:41:15.444 [restartedMain] WARN  o.h.e.jdbc.spi.SqlExceptionHelper.logWarning - SQL Warning Code: 0, SQLState: 00000
24-02-2021 13:41:15.444 [restartedMain] WARN  o.h.e.jdbc.spi.SqlExceptionHelper.logWarning - relation "carteira_paypal" does not exist, skipping
24-02-2021 13:41:15.445 [restartedMain] WARN  o.h.e.jdbc.spi.SqlExceptionHelper.logWarning - SQL Warning Code: 0, SQLState: 00000
24-02-2021 13:41:15.445 [restartedMain] WARN  o.h.e.jdbc.spi.SqlExceptionHelper.logWarning - relation "carteira_sansung" does not exist, skipping
24-02-2021 13:41:15.446 [restartedMain] WARN  o.h.e.jdbc.spi.SqlExceptionHelper.logWarning - SQL Warning Code: 0, SQLState: 00000
24-02-2021 13:41:15.446 [restartedMain] WARN  o.h.e.jdbc.spi.SqlExceptionHelper.logWarning - relation "proposta" does not exist, skipping
24-02-2021 13:41:15.447 [restartedMain] WARN  o.h.e.jdbc.spi.SqlExceptionHelper.logWarning - SQL Warning Code: 0, SQLState: 00000
24-02-2021 13:41:15.448 [restartedMain] WARN  o.h.e.jdbc.spi.SqlExceptionHelper.logWarning - table "avisoviagem" does not exist, skipping
24-02-2021 13:41:15.448 [restartedMain] WARN  o.h.e.jdbc.spi.SqlExceptionHelper.logWarning - SQL Warning Code: 0, SQLState: 00000
24-02-2021 13:41:15.449 [restartedMain] WARN  o.h.e.jdbc.spi.SqlExceptionHelper.logWarning - table "biometria" does not exist, skipping
24-02-2021 13:41:15.449 [restartedMain] WARN  o.h.e.jdbc.spi.SqlExceptionHelper.logWarning - SQL Warning Code: 0, SQLState: 00000
24-02-2021 13:41:15.449 [restartedMain] WARN  o.h.e.jdbc.spi.SqlExceptionHelper.logWarning - table "bloqueio_cartao" does not exist, skipping
24-02-2021 13:41:15.450 [restartedMain] WARN  o.h.e.jdbc.spi.SqlExceptionHelper.logWarning - SQL Warning Code: 0, SQLState: 00000
24-02-2021 13:41:15.450 [restartedMain] WARN  o.h.e.jdbc.spi.SqlExceptionHelper.logWarning - table "cartao" does not exist, skipping
24-02-2021 13:41:15.451 [restartedMain] WARN  o.h.e.jdbc.spi.SqlExceptionHelper.logWarning - SQL Warning Code: 0, SQLState: 00000
24-02-2021 13:41:15.451 [restartedMain] WARN  o.h.e.jdbc.spi.SqlExceptionHelper.logWarning - table "carteira_paypal" does not exist, skipping
24-02-2021 13:41:15.452 [restartedMain] WARN  o.h.e.jdbc.spi.SqlExceptionHelper.logWarning - SQL Warning Code: 0, SQLState: 00000
24-02-2021 13:41:15.452 [restartedMain] WARN  o.h.e.jdbc.spi.SqlExceptionHelper.logWarning - table "carteira_sansung" does not exist, skipping
24-02-2021 13:41:15.452 [restartedMain] WARN  o.h.e.jdbc.spi.SqlExceptionHelper.logWarning - SQL Warning Code: 0, SQLState: 00000
24-02-2021 13:41:15.453 [restartedMain] WARN  o.h.e.jdbc.spi.SqlExceptionHelper.logWarning - table "proposta" does not exist, skipping
24-02-2021 13:41:15.453 [restartedMain] WARN  o.h.e.jdbc.spi.SqlExceptionHelper.logWarning - SQL Warning Code: 0, SQLState: 00000
24-02-2021 13:41:15.453 [restartedMain] WARN  o.h.e.jdbc.spi.SqlExceptionHelper.logWarning - table "solicitante" does not exist, skipping
24-02-2021 13:41:15.454 [restartedMain] WARN  o.h.e.jdbc.spi.SqlExceptionHelper.logWarning - SQL Warning Code: 0, SQLState: 00000
24-02-2021 13:41:15.454 [restartedMain] WARN  o.h.e.jdbc.spi.SqlExceptionHelper.logWarning - sequence "sq_avisoviagem" does not exist, skipping
24-02-2021 13:41:15.455 [restartedMain] WARN  o.h.e.jdbc.spi.SqlExceptionHelper.logWarning - SQL Warning Code: 0, SQLState: 00000
24-02-2021 13:41:15.455 [restartedMain] WARN  o.h.e.jdbc.spi.SqlExceptionHelper.logWarning - sequence "sq_biometria" does not exist, skipping
24-02-2021 13:41:15.456 [restartedMain] WARN  o.h.e.jdbc.spi.SqlExceptionHelper.logWarning - SQL Warning Code: 0, SQLState: 00000
24-02-2021 13:41:15.456 [restartedMain] WARN  o.h.e.jdbc.spi.SqlExceptionHelper.logWarning - sequence "sq_cartao" does not exist, skipping
24-02-2021 13:41:15.457 [restartedMain] WARN  o.h.e.jdbc.spi.SqlExceptionHelper.logWarning - SQL Warning Code: 0, SQLState: 00000
24-02-2021 13:41:15.457 [restartedMain] WARN  o.h.e.jdbc.spi.SqlExceptionHelper.logWarning - sequence "sq_carteira_paypal" does not exist, skipping
24-02-2021 13:41:15.458 [restartedMain] WARN  o.h.e.jdbc.spi.SqlExceptionHelper.logWarning - SQL Warning Code: 0, SQLState: 00000
24-02-2021 13:41:15.458 [restartedMain] WARN  o.h.e.jdbc.spi.SqlExceptionHelper.logWarning - sequence "sq_carteira_sansung" does not exist, skipping
24-02-2021 13:41:15.458 [restartedMain] WARN  o.h.e.jdbc.spi.SqlExceptionHelper.logWarning - SQL Warning Code: 0, SQLState: 00000
24-02-2021 13:41:15.458 [restartedMain] WARN  o.h.e.jdbc.spi.SqlExceptionHelper.logWarning - sequence "sq_proposta" does not exist, skipping
24-02-2021 13:41:15.459 [restartedMain] WARN  o.h.e.jdbc.spi.SqlExceptionHelper.logWarning - SQL Warning Code: 0, SQLState: 00000
24-02-2021 13:41:15.459 [restartedMain] WARN  o.h.e.jdbc.spi.SqlExceptionHelper.logWarning - sequence "sq_solicitante" does not exist, skipping
24-02-2021 13:41:15.533 [restartedMain] INFO  o.h.e.t.j.p.i.JtaPlatformInitiator.initiateService - HHH000490: Using JtaPlatform implementation: [org.hibernate.engine.transaction.jta.platform.internal.NoJtaPlatform]
24-02-2021 13:41:15.541 [restartedMain] INFO  o.s.o.j.LocalContainerEntityManagerFactoryBean.buildNativeEntityManagerFactory - Initialized JPA EntityManagerFactory for persistence unit 'default'
24-02-2021 13:41:15.559 [restartedMain] WARN  o.s.b.d.a.OptionalLiveReloadServer.startServer - Unable to start LiveReload server
24-02-2021 13:41:15.623 [restartedMain] INFO  i.o.c.s.w.s.ServerTracingAutoConfiguration.tracingHandlerInterceptor - Creating WebMvcConfigurer bean with class io.opentracing.contrib.spring.web.interceptor.TracingHandlerInterceptor
24-02-2021 13:41:15.628 [restartedMain] WARN  o.s.b.a.o.j.JpaBaseConfiguration$JpaWebConfiguration.openEntityManagerInViewInterceptor - spring.jpa.open-in-view is enabled by default. Therefore, database queries may be performed during view rendering. Explicitly configure spring.jpa.open-in-view to disable this warning
24-02-2021 13:41:16.531 [restartedMain] INFO  o.s.s.web.DefaultSecurityFilterChain.<init> - Will secure any request with [org.springframework.security.web.context.request.async.WebAsyncManagerIntegrationFilter@d43cace, org.springframework.security.web.context.SecurityContextPersistenceFilter@58101342, org.springframework.security.web.header.HeaderWriterFilter@534ecf47, org.springframework.security.web.csrf.CsrfFilter@3c07e030, org.springframework.security.web.authentication.logout.LogoutFilter@42820f18, org.springframework.security.oauth2.server.resource.web.BearerTokenAuthenticationFilter@22fa40ab, org.springframework.security.web.savedrequest.RequestCacheAwareFilter@2bc57f6d, org.springframework.security.web.servletapi.SecurityContextHolderAwareRequestFilter@730f632b, org.springframework.security.web.authentication.AnonymousAuthenticationFilter@46a2375e, org.springframework.security.web.session.SessionManagementFilter@46617a93, org.springframework.security.web.access.ExceptionTranslationFilter@3696f2e0, org.springframework.security.web.access.intercept.FilterSecurityInterceptor@56170e4]
24-02-2021 13:41:16.637 [restartedMain] INFO  o.s.s.c.ThreadPoolTaskExecutor.initialize - Initializing ExecutorService 'applicationTaskExecutor'
24-02-2021 13:41:16.904 [PrometheusPushGatewayManager.PushGatewayTaskScheduler-1] ERROR o.s.b.a.m.e.p.PrometheusPushGatewayManager.push - Unable to push metrics to Prometheus Pushgateway
java.net.ConnectException: Conex達o recusada (Connection refused)
	at java.base/java.net.PlainSocketImpl.socketConnect(Native Method)
	at java.base/java.net.AbstractPlainSocketImpl.doConnect(AbstractPlainSocketImpl.java:399)
	at java.base/java.net.AbstractPlainSocketImpl.connectToAddress(AbstractPlainSocketImpl.java:242)
	at java.base/java.net.AbstractPlainSocketImpl.connect(AbstractPlainSocketImpl.java:224)
	at java.base/java.net.Socket.connect(Socket.java:609)
	at java.base/sun.net.NetworkClient.doConnect(NetworkClient.java:177)
	at java.base/sun.net.www.http.HttpClient.openServer(HttpClient.java:474)
	at java.base/sun.net.www.http.HttpClient.openServer(HttpClient.java:569)
	at java.base/sun.net.www.http.HttpClient.<init>(HttpClient.java:242)
	at java.base/sun.net.www.http.HttpClient.New(HttpClient.java:341)
	at java.base/sun.net.www.http.HttpClient.New(HttpClient.java:362)
	at java.base/sun.net.www.protocol.http.HttpURLConnection.getNewHttpClient(HttpURLConnection.java:1253)
	at java.base/sun.net.www.protocol.http.HttpURLConnection.plainConnect0(HttpURLConnection.java:1187)
	at java.base/sun.net.www.protocol.http.HttpURLConnection.plainConnect(HttpURLConnection.java:1081)
	at java.base/sun.net.www.protocol.http.HttpURLConnection.connect(HttpURLConnection.java:1015)
	at io.prometheus.client.exporter.PushGateway.doRequest(PushGateway.java:305)
	at io.prometheus.client.exporter.PushGateway.pushAdd(PushGateway.java:182)
	at org.springframework.boot.actuate.metrics.export.prometheus.PrometheusPushGatewayManager.push(PrometheusPushGatewayManager.java:108)
	at org.springframework.scheduling.support.DelegatingErrorHandlingRunnable.run(DelegatingErrorHandlingRunnable.java:54)
	at java.base/java.util.concurrent.Executors$RunnableAdapter.call(Executors.java:515)
	at java.base/java.util.concurrent.FutureTask.runAndReset(FutureTask.java:305)
	at java.base/java.util.concurrent.ScheduledThreadPoolExecutor$ScheduledFutureTask.run(ScheduledThreadPoolExecutor.java:305)
	at java.base/java.util.concurrent.ThreadPoolExecutor.runWorker(ThreadPoolExecutor.java:1128)
	at java.base/java.util.concurrent.ThreadPoolExecutor$Worker.run(ThreadPoolExecutor.java:628)
	at java.base/java.lang.Thread.run(Thread.java:834)
24-02-2021 13:41:17.022 [restartedMain] INFO  o.s.s.c.ThreadPoolTaskScheduler.initialize - Initializing ExecutorService 'taskScheduler'
24-02-2021 13:41:17.137 [restartedMain] INFO  o.s.b.a.e.web.EndpointLinksResolver.<init> - Exposing 17 endpoint(s) beneath base path '/actuator'
24-02-2021 13:41:17.193 [restartedMain] INFO  o.a.coyote.http11.Http11NioProtocol.log - Starting ProtocolHandler ["http-nio-1111"]
24-02-2021 13:41:17.215 [restartedMain] INFO  o.s.b.w.e.tomcat.TomcatWebServer.start - Tomcat started on port(s): 1111 (http) with context path ''
24-02-2021 13:41:18.217 [restartedMain] INFO  o.s.cloud.commons.util.InetUtils.convertAddress - Cannot determine local hostname
24-02-2021 13:41:18.239 [restartedMain] INFO  b.c.z.propostas.PropostasApplication.logStarted - Started PropostasApplication in 7.97 seconds (JVM running for 8.787)
24-02-2021 13:42:16.898 [PrometheusPushGatewayManager.PushGatewayTaskScheduler-1] ERROR o.s.b.a.m.e.p.PrometheusPushGatewayManager.push - Unable to push metrics to Prometheus Pushgateway
java.net.ConnectException: Conex達o recusada (Connection refused)
	at java.base/java.net.PlainSocketImpl.socketConnect(Native Method)
	at java.base/java.net.AbstractPlainSocketImpl.doConnect(AbstractPlainSocketImpl.java:399)
	at java.base/java.net.AbstractPlainSocketImpl.connectToAddress(AbstractPlainSocketImpl.java:242)
	at java.base/java.net.AbstractPlainSocketImpl.connect(AbstractPlainSocketImpl.java:224)
	at java.base/java.net.Socket.connect(Socket.java:609)
	at java.base/sun.net.NetworkClient.doConnect(NetworkClient.java:177)
	at java.base/sun.net.www.http.HttpClient.openServer(HttpClient.java:474)
	at java.base/sun.net.www.http.HttpClient.openServer(HttpClient.java:569)
	at java.base/sun.net.www.http.HttpClient.<init>(HttpClient.java:242)
	at java.base/sun.net.www.http.HttpClient.New(HttpClient.java:341)
	at java.base/sun.net.www.http.HttpClient.New(HttpClient.java:362)
	at java.base/sun.net.www.protocol.http.HttpURLConnection.getNewHttpClient(HttpURLConnection.java:1253)
	at java.base/sun.net.www.protocol.http.HttpURLConnection.plainConnect0(HttpURLConnection.java:1187)
	at java.base/sun.net.www.protocol.http.HttpURLConnection.plainConnect(HttpURLConnection.java:1081)
	at java.base/sun.net.www.protocol.http.HttpURLConnection.connect(HttpURLConnection.java:1015)
	at io.prometheus.client.exporter.PushGateway.doRequest(PushGateway.java:305)
	at io.prometheus.client.exporter.PushGateway.pushAdd(PushGateway.java:182)
	at org.springframework.boot.actuate.metrics.export.prometheus.PrometheusPushGatewayManager.push(PrometheusPushGatewayManager.java:108)
	at org.springframework.scheduling.support.DelegatingErrorHandlingRunnable.run(DelegatingErrorHandlingRunnable.java:54)
	at java.base/java.util.concurrent.Executors$RunnableAdapter.call(Executors.java:515)
	at java.base/java.util.concurrent.FutureTask.runAndReset(FutureTask.java:305)
	at java.base/java.util.concurrent.ScheduledThreadPoolExecutor$ScheduledFutureTask.run(ScheduledThreadPoolExecutor.java:305)
	at java.base/java.util.concurrent.ThreadPoolExecutor.runWorker(ThreadPoolExecutor.java:1128)
	at java.base/java.util.concurrent.ThreadPoolExecutor$Worker.run(ThreadPoolExecutor.java:628)
	at java.base/java.lang.Thread.run(Thread.java:834)
24-02-2021 13:43:16.898 [PrometheusPushGatewayManager.PushGatewayTaskScheduler-1] ERROR o.s.b.a.m.e.p.PrometheusPushGatewayManager.push - Unable to push metrics to Prometheus Pushgateway
java.net.ConnectException: Conex達o recusada (Connection refused)
	at java.base/java.net.PlainSocketImpl.socketConnect(Native Method)
	at java.base/java.net.AbstractPlainSocketImpl.doConnect(AbstractPlainSocketImpl.java:399)
	at java.base/java.net.AbstractPlainSocketImpl.connectToAddress(AbstractPlainSocketImpl.java:242)
	at java.base/java.net.AbstractPlainSocketImpl.connect(AbstractPlainSocketImpl.java:224)
	at java.base/java.net.Socket.connect(Socket.java:609)
	at java.base/sun.net.NetworkClient.doConnect(NetworkClient.java:177)
	at java.base/sun.net.www.http.HttpClient.openServer(HttpClient.java:474)
	at java.base/sun.net.www.http.HttpClient.openServer(HttpClient.java:569)
	at java.base/sun.net.www.http.HttpClient.<init>(HttpClient.java:242)
	at java.base/sun.net.www.http.HttpClient.New(HttpClient.java:341)
	at java.base/sun.net.www.http.HttpClient.New(HttpClient.java:362)
	at java.base/sun.net.www.protocol.http.HttpURLConnection.getNewHttpClient(HttpURLConnection.java:1253)
	at java.base/sun.net.www.protocol.http.HttpURLConnection.plainConnect0(HttpURLConnection.java:1187)
	at java.base/sun.net.www.protocol.http.HttpURLConnection.plainConnect(HttpURLConnection.java:1081)
	at java.base/sun.net.www.protocol.http.HttpURLConnection.connect(HttpURLConnection.java:1015)
	at io.prometheus.client.exporter.PushGateway.doRequest(PushGateway.java:305)
	at io.prometheus.client.exporter.PushGateway.pushAdd(PushGateway.java:182)
	at org.springframework.boot.actuate.metrics.export.prometheus.PrometheusPushGatewayManager.push(PrometheusPushGatewayManager.java:108)
	at org.springframework.scheduling.support.DelegatingErrorHandlingRunnable.run(DelegatingErrorHandlingRunnable.java:54)
	at java.base/java.util.concurrent.Executors$RunnableAdapter.call(Executors.java:515)
	at java.base/java.util.concurrent.FutureTask.runAndReset(FutureTask.java:305)
	at java.base/java.util.concurrent.ScheduledThreadPoolExecutor$ScheduledFutureTask.run(ScheduledThreadPoolExecutor.java:305)
	at java.base/java.util.concurrent.ThreadPoolExecutor.runWorker(ThreadPoolExecutor.java:1128)
	at java.base/java.util.concurrent.ThreadPoolExecutor$Worker.run(ThreadPoolExecutor.java:628)
	at java.base/java.lang.Thread.run(Thread.java:834)
24-02-2021 13:44:16.898 [PrometheusPushGatewayManager.PushGatewayTaskScheduler-1] ERROR o.s.b.a.m.e.p.PrometheusPushGatewayManager.push - Unable to push metrics to Prometheus Pushgateway
java.net.ConnectException: Conex達o recusada (Connection refused)
	at java.base/java.net.PlainSocketImpl.socketConnect(Native Method)
	at java.base/java.net.AbstractPlainSocketImpl.doConnect(AbstractPlainSocketImpl.java:399)
	at java.base/java.net.AbstractPlainSocketImpl.connectToAddress(AbstractPlainSocketImpl.java:242)
	at java.base/java.net.AbstractPlainSocketImpl.connect(AbstractPlainSocketImpl.java:224)
	at java.base/java.net.Socket.connect(Socket.java:609)
	at java.base/sun.net.NetworkClient.doConnect(NetworkClient.java:177)
	at java.base/sun.net.www.http.HttpClient.openServer(HttpClient.java:474)
	at java.base/sun.net.www.http.HttpClient.openServer(HttpClient.java:569)
	at java.base/sun.net.www.http.HttpClient.<init>(HttpClient.java:242)
	at java.base/sun.net.www.http.HttpClient.New(HttpClient.java:341)
	at java.base/sun.net.www.http.HttpClient.New(HttpClient.java:362)
	at java.base/sun.net.www.protocol.http.HttpURLConnection.getNewHttpClient(HttpURLConnection.java:1253)
	at java.base/sun.net.www.protocol.http.HttpURLConnection.plainConnect0(HttpURLConnection.java:1187)
	at java.base/sun.net.www.protocol.http.HttpURLConnection.plainConnect(HttpURLConnection.java:1081)
	at java.base/sun.net.www.protocol.http.HttpURLConnection.connect(HttpURLConnection.java:1015)
	at io.prometheus.client.exporter.PushGateway.doRequest(PushGateway.java:305)
	at io.prometheus.client.exporter.PushGateway.pushAdd(PushGateway.java:182)
	at org.springframework.boot.actuate.metrics.export.prometheus.PrometheusPushGatewayManager.push(PrometheusPushGatewayManager.java:108)
	at org.springframework.scheduling.support.DelegatingErrorHandlingRunnable.run(DelegatingErrorHandlingRunnable.java:54)
	at java.base/java.util.concurrent.Executors$RunnableAdapter.call(Executors.java:515)
	at java.base/java.util.concurrent.FutureTask.runAndReset(FutureTask.java:305)
	at java.base/java.util.concurrent.ScheduledThreadPoolExecutor$ScheduledFutureTask.run(ScheduledThreadPoolExecutor.java:305)
	at java.base/java.util.concurrent.ThreadPoolExecutor.runWorker(ThreadPoolExecutor.java:1128)
	at java.base/java.util.concurrent.ThreadPoolExecutor$Worker.run(ThreadPoolExecutor.java:628)
	at java.base/java.lang.Thread.run(Thread.java:834)
